<?xml version="1.0" encoding="UTF-8"?>
<!-- Generated by org.testng.reporters.JUnitReportReporter -->
<testsuite hostname="LAPTOP-OUL494H3" failures="0" tests="6" name="ui.DataProviderDemo" time="0.034" errors="0" timestamp="2023-09-22T14:13:16 IST" skipped="0">
  <testcase classname="ui.DataProviderDemo" name="printUserPwd" time="0.006"/>
  <testcase classname="ui.DataProviderDemo" name="printUserPwd" time="0.008"/>
  <testcase classname="ui.DataProviderDemo" name="printUserPwd" time="0.002"/>
  <testcase classname="ui.DataProviderDemo" name="test2" time="0.005"/>
  <testcase classname="ui.DataProviderDemo" name="printUserPwd" time="0.009"/>
  <testcase classname="ui.DataProviderDemo" name="test2" time="0.004"/>
</testsuite> <!-- ui.DataProviderDemo -->
