<?xml version="1.0" encoding="UTF-8"?>
<!-- Generated by org.testng.reporters.JUnitReportReporter -->
<testsuite hostname="LAPTOP-OUL494H3" failures="0" tests="2" name="ui.LoginTest" time="0.014" errors="0" timestamp="2023-09-21T20:29:18 IST" skipped="0">
  <testcase classname="ui.LoginTest" name="test1" time="0.008"/>
  <testcase classname="ui.LoginTest" name="test2" time="0.006"/>
</testsuite> <!-- ui.LoginTest -->
