<?xml version="1.0" encoding="UTF-8"?>
<!-- Generated by org.testng.reporters.JUnitReportReporter -->
<testsuite hostname="LAPTOP-OUL494H3" failures="0" tests="1" name="ui.TitleVerification" time="9.849" errors="0" timestamp="2023-09-21T20:29:18 IST" skipped="0">
  <testcase classname="ui.TitleVerification" name="testTitle" time="9.849"/>
</testsuite> <!-- ui.TitleVerification -->
