<?xml version="1.0" encoding="UTF-8"?>
<!-- Generated by org.testng.reporters.JUnitReportReporter -->
<testsuite hostname="LAPTOP-OUL494H3" failures="0" tests="4" name="ui.BeforeClassAfterClassDemo" time="0.015" errors="0" timestamp="2023-09-22T12:01:00 IST" skipped="0">
  <testcase classname="ui.BeforeClassAfterClassDemo" name="test2" time="0.002"/>
  <testcase classname="ui.BeforeClassAfterClassDemo" name="test1" time="0.008"/>
  <testcase classname="ui.BeforeClassAfterClassDemo" name="test4" time="0.002"/>
  <testcase classname="ui.BeforeClassAfterClassDemo" name="test3" time="0.003"/>
</testsuite> <!-- ui.BeforeClassAfterClassDemo -->
