<?xml version="1.0" encoding="UTF-8"?>
<!-- Generated by org.testng.reporters.JUnitReportReporter -->
<testsuite hostname="LAPTOP-OUL494H3" failures="0" tests="8" name="ui.DataProviderDemo2" time="0.030" errors="0" timestamp="2023-09-22T15:06:21 IST" skipped="0">
  <testcase classname="ui.DataProviderDemo2" name="printUserPwd" time="0.012"/>
  <testcase classname="ui.DataProviderDemo2" name="printUserPwd" time="0.002"/>
  <testcase classname="ui.DataProviderDemo2" name="test2" time="0.004"/>
  <testcase classname="ui.DataProviderDemo2" name="printUserPwd" time="0.003"/>
  <testcase classname="ui.DataProviderDemo2" name="test2" time="0.002"/>
  <testcase classname="ui.DataProviderDemo2" name="test2" time="0.002"/>
  <testcase classname="ui.DataProviderDemo2" name="printUserPwd" time="0.003"/>
  <testcase classname="ui.DataProviderDemo2" name="test2" time="0.002"/>
</testsuite> <!-- ui.DataProviderDemo2 -->
