<?xml version="1.0" encoding="UTF-8"?>
<!-- Generated by org.testng.reporters.JUnitReportReporter -->
<testsuite hostname="LAPTOP-OUL494H3" failures="0" tests="4" name="ui.DataProviderSwagLab2" time="51.678" errors="0" timestamp="2023-09-22T14:43:43 IST" skipped="0">
  <testcase classname="ui.DataProviderSwagLab2" name="loginTest" time="9.387"/>
  <testcase classname="ui.DataProviderSwagLab2" name="loginTest" time="12.581"/>
  <testcase classname="ui.DataProviderSwagLab2" name="loginTest" time="23.390"/>
  <testcase classname="ui.DataProviderSwagLab2" name="loginTest" time="6.320"/>
</testsuite> <!-- ui.DataProviderSwagLab2 -->
