<?xml version="1.0" encoding="UTF-8"?>
<!-- Generated by org.testng.reporters.JUnitReportReporter -->
<testsuite hostname="LAPTOP-OUL494H3" failures="0" tests="4" name="ui.ListenerClassDemo" time="0.038" errors="0" timestamp="2023-09-23T15:11:48 IST" skipped="0">
  <testcase classname="ui.ListenerClassDemo" name="test2" time="0.002"/>
  <testcase classname="ui.ListenerClassDemo" name="test4" time="0.009"/>
  <testcase classname="ui.ListenerClassDemo" name="test3" time="0.005"/>
  <testcase classname="ui.ListenerClassDemo" name="test1" time="0.022"/>
</testsuite> <!-- ui.ListenerClassDemo -->
