<?xml version="1.0" encoding="UTF-8"?>
<!-- Generated by org.testng.reporters.JUnitReportReporter -->
<testsuite hostname="LAPTOP-OUL494H3" failures="0" tests="4" name="ui.DataProviderSwagLab" time="98.945" errors="0" timestamp="2023-09-22T14:26:17 IST" skipped="0">
  <testcase classname="ui.DataProviderSwagLab" name="loginTest" time="12.662"/>
  <testcase classname="ui.DataProviderSwagLab" name="loginTest" time="33.813"/>
  <testcase classname="ui.DataProviderSwagLab" name="loginTest" time="38.990"/>
  <testcase classname="ui.DataProviderSwagLab" name="loginTest" time="13.480"/>
</testsuite> <!-- ui.DataProviderSwagLab -->
