<?xml version="1.0" encoding="UTF-8"?>
<!-- Generated by org.testng.reporters.JUnitReportReporter -->
<testsuite hostname="LAPTOP-OUL494H3" failures="0" tests="2" name="ui.BeforeGroupsAfterGroupsDemo" time="0.003" errors="0" timestamp="2023-09-22T12:10:41 IST" skipped="0">
  <testcase classname="ui.BeforeGroupsAfterGroupsDemo" name="test1" time="0.002"/>
  <testcase classname="ui.BeforeGroupsAfterGroupsDemo" name="test2" time="0.001"/>
</testsuite> <!-- ui.BeforeGroupsAfterGroupsDemo -->
