<?xml version="1.0" encoding="UTF-8"?>
<!-- Generated by org.testng.reporters.JUnitReportReporter -->
<testsuite hostname="LAPTOP-OUL494H3" failures="0" tests="3" name="ui.SkipDemoTest" time="0.015" errors="0" timestamp="2023-09-22T11:47:23 IST" skipped="3">
  <testcase classname="ui.SkipDemoTest" name="conditionBased" time="0.011">
    <skipped/>
  </testcase> <!-- conditionBased -->
  <testcase classname="ui.SkipDemoTest" name="forcefulSkip" time="0.004">
    <skipped/>
  </testcase> <!-- forcefulSkip -->
  <testcase classname="ui.SkipDemoTest" name="unimplementedTest">
    <skipped/>
  </testcase> <!-- unimplementedTest -->
</testsuite> <!-- ui.SkipDemoTest -->
